<?xml version="1.0" encoding="UTF-8"?>
<!-- Generated by org.testng.reporters.JUnitXMLReporter -->
<testsuite ignored="0" hostname="AKHIL" failures="0" tests="3" name="Default test" time="56.437" errors="0" timestamp="2023-05-17T11:14:26 IST">
  <testcase classname="testScripts.PlaceOrder" name="addCartItem" time="23.708"/>
  <testcase classname="testScripts.PlaceOrder" name="deleteCartItem" time="7.509"/>
  <testcase classname="testScripts.PlaceOrder" name="placeCartItem" time="13.842"/>
</testsuite> <!-- Default test -->
