<?xml version="1.0" encoding="UTF-8"?>
<testng-results ignored="0" total="3" passed="3" failed="0" skipped="0">
  <reporter-output>
  </reporter-output>
  <suite started-at="2023-05-17T11:31:02 IST" name="Default suite" finished-at="2023-05-17T11:31:44 IST" duration-ms="41867">
    <groups>
    </groups>
    <test started-at="2023-05-17T11:31:02 IST" name="Default test" finished-at="2023-05-17T11:31:44 IST" duration-ms="41867">
      <class name="testScripts.PlaceOrder">
        <test-method is-config="true" signature="setup()[pri:0, instance:testScripts.PlaceOrder@6574a52c]" started-at="2023-05-17T11:31:02 IST" name="setup" finished-at="2023-05-17T11:31:06 IST" duration-ms="4240" status="PASS">
          <reporter-output>
          </reporter-output>
        </test-method> <!-- setup -->
        <test-method signature="addCartItem()[pri:1, instance:testScripts.PlaceOrder@6574a52c]" started-at="2023-05-17T11:31:06 IST" name="addCartItem" finished-at="2023-05-17T11:31:22 IST" duration-ms="15939" status="PASS">
          <reporter-output>
          </reporter-output>
        </test-method> <!-- addCartItem -->
        <test-method signature="deleteCartItem()[pri:2, instance:testScripts.PlaceOrder@6574a52c]" started-at="2023-05-17T11:31:22 IST" name="deleteCartItem" finished-at="2023-05-17T11:31:30 IST" duration-ms="7583" status="PASS">
          <reporter-output>
          </reporter-output>
        </test-method> <!-- deleteCartItem -->
        <test-method signature="placeCartItem()[pri:3, instance:testScripts.PlaceOrder@6574a52c]" started-at="2023-05-17T11:31:30 IST" name="placeCartItem" finished-at="2023-05-17T11:31:43 IST" duration-ms="13884" status="PASS">
          <reporter-output>
          </reporter-output>
        </test-method> <!-- placeCartItem -->
        <test-method is-config="true" signature="tearDown()[pri:0, instance:testScripts.PlaceOrder@6574a52c]" started-at="2023-05-17T11:31:43 IST" name="tearDown" finished-at="2023-05-17T11:31:44 IST" duration-ms="169" status="PASS">
          <reporter-output>
          </reporter-output>
        </test-method> <!-- tearDown -->
      </class> <!-- testScripts.PlaceOrder -->
    </test> <!-- Default test -->
  </suite> <!-- Default suite -->
</testng-results>
